STEP to UG
! INFO-     NX STEP AP214 - V2312.5001
! INFO-      
! INFO-     Start of Translation: 5-DEC-2025  12:32:58 PM
! INFO-      
! STATUS-   Converting Part: C:\Users\imanl\Downloads\175028435-19-45-2c36_1820_000_e94827\1004_45-2C36.1820.000.stp
! SUMMARY-   
! SUMMARY-    STEP Header Information
! SUMMARY-   
! SUMMARY-  Description      Unknown
! SUMMARY-  Imp_Level        1
! SUMMARY-  File_Name        K:/KOG/EAO BR51/1004_45-2C36.1820.000.stp
! SUMMARY-  Date             Unknown
! SUMMARY-  Author           Unknown
! SUMMARY-  Organization     Unknown
! SUMMARY-  Pre_Version      PSStep 15.0.49
! SUMMARY-  Orig_System      Unknown
! SUMMARY-  Authorization      
! SUMMARY-  Schema_ID        automotive_design
! SUMMARY-   
! SUMMARY-    Summary of STEP Entities
! SUMMARY-   
! SUMMARY-  Entity Type                                                   Count
! SUMMARY-  -----------                                                   ------
! SUMMARY-  advanced_face ..............................................:    107
! SUMMARY-  application_context ........................................:      1
! SUMMARY-  axis2_placement_3d .........................................:    225
! SUMMARY-  b_spline_curve_with_knots ..................................:      9
! SUMMARY-  b_spline_curve_with_knots_and_rational_b_spline_curve ......:     12
! SUMMARY-  cartesian_point ............................................:    645
! SUMMARY-  circle .....................................................:    116
! SUMMARY-  closed_shell ...............................................:      1
! SUMMARY-  conical_surface ............................................:     11
! SUMMARY-  context_dependent_shape_representation .....................:      1
! SUMMARY-  conversion_based_unit_and_length_unit ......................:      2
! SUMMARY-  cylindrical_surface ........................................:     29
! SUMMARY-  dimensional_exponents ......................................:      4
! SUMMARY-  direction ..................................................:    570
! SUMMARY-  edge_curve .................................................:    257
! SUMMARY-  edge_loop ..................................................:    134
! SUMMARY-  face_bound .................................................:     20
! SUMMARY-  face_outer_bound ...........................................:    115
! SUMMARY-  geometric_representation_context_and_global_uncertainty_a ..:      2
! SUMMARY-  item_defined_transformation ................................:      1
! SUMMARY-  length_measure_with_unit ...................................:      2
! SUMMARY-  length_unit_and_si_unit ....................................:      2
! SUMMARY-  line .......................................................:    120
! SUMMARY-  manifold_solid_brep ........................................:      1
! SUMMARY-  next_assembly_usage_occurrence .............................:      1
! SUMMARY-  oriented_edge ..............................................:    514
! SUMMARY-  plane ......................................................:     62
! SUMMARY-  plane_angle_unit_and_si_unit ...............................:      2
! SUMMARY-  product ....................................................:      2
! SUMMARY-  product_category ...........................................:      1
! SUMMARY-  product_context ............................................:      1
! SUMMARY-  product_definition .........................................:      2
! SUMMARY-  product_definition_context .................................:      1
! SUMMARY-  product_definition_formation_with_specified_source .........:      2
! SUMMARY-  product_definition_shape ...................................:      3
! SUMMARY-  product_related_product_category ...........................:      2
! SUMMARY-  representation_relationship_with_transformation_and_shape ..:      1
! SUMMARY-  shape_representation .......................................:      2
! SUMMARY-  si_unit_and_solid_angle_unit ...............................:      2
! SUMMARY-  spherical_surface ..........................................:      4
! SUMMARY-  toroidal_surface ...........................................:      1
! SUMMARY-  uncertainty_measure_with_unit ..............................:      2
! SUMMARY-  vector .....................................................:    120
! SUMMARY-  vertex_loop ................................................:      1
! SUMMARY-  vertex_point ...............................................:    180
! SUMMARY-                                                               -------
! SUMMARY-  Total                                                           3293
! STATUS-    
! STATUS-   Converting to Output Form (Phase 2 of 3): 5-DEC-2025 12:32:58 PM
! STATUS-    
! STATUS-    
! STATUS-   Generating UG geometry and placing them in parts
! STATUS-    
! STATUS-   Creating the UG part (Phase 3 of 3): 5-DEC-2025  12:32:58 PM
! INFO-     Filing Part ..: C:\Users\imanl\Documents\studium\3.sem\PREN1\cad\Notaus\0
! SUMMARY-   
! SUMMARY-  Summary of Unigraphics Part Entities
! SUMMARY-   
! SUMMARY-  Entities Processed             Count
! SUMMARY-  ------------------             -----
! SUMMARY-  Solid/Sheet .................:     1
! SUMMARY-                                 -----
! SUMMARY-  Total                              1
! STATUS-   Creating the UG part (Phase 3 of 3): 5-DEC-2025  12:32:58 PM
! INFO-     Filing Part ..: C:\Users\imanl\Documents\studium\3.sem\PREN1\cad\Notaus\Notaus_bg.prt
! SUMMARY-   
! SUMMARY-  Summary of Unigraphics Part Entities
! SUMMARY-   
! SUMMARY-  Entities Processed             Count
! SUMMARY-  ------------------             -----
! SUMMARY-  Component ...................:     1
! SUMMARY-                                 -----
! SUMMARY-  Total                              1
! INFO-      
! INFO-     Total number of solids input for this translation       :         1
! INFO-      
! INFO-     Number of solids created without body validation faults :         1
! INFO-      
! INFO-     Number of solids created with body validation fault(s)  :         0
! INFO-      
! INFO-     Number of solids ending up as sheet bodies              :         0
! INFO-      
! INFO-     End of Translation: 5-DEC-2025  12:32:59 PM
! INFO-      
